<?xml version="1.0" encoding="UTF-8"?>
<!-- Generated by org.testng.reporters.JUnitXMLReporter -->
<testsuite ignored="0" hostname="Anshul-Laptop" failures="0" tests="4" name="TestCycle1" time="63.021" errors="0" timestamp="2023-11-14T13:46:07 IST">
  <testcase classname="com.app.TesrNGScripts.ParallelTestDemo" name="wikiPage1" time="61.427"/>
  <testcase classname="com.app.TesrNGScripts.ParallelTestDemo" name="wikiPage2" time="61.698"/>
  <testcase classname="com.app.TesrNGScripts.ParallelTestDemo" name="ninjaPage1" time="62.68"/>
  <testcase classname="com.app.TesrNGScripts.ParallelTestDemo" name="ninjaPage2" time="62.97"/>
</testsuite> <!-- TestCycle1 -->
