<?xml version="1.0" encoding="UTF-8"?>
<!-- Generated by org.testng.reporters.JUnitXMLReporter -->
<testsuite ignored="0" hostname="Anshul-Laptop" failures="0" tests="5" name="TestCycle2" time="57.277" errors="0" timestamp="2023-11-14T13:59:02 IST">
  <testcase classname="com.app.TesrNGScripts.TestAnnotation" name="Login" time="10.02"/>
  <testcase classname="com.app.TesrNGScripts.TestAnnotation" name="LoginWithValidCredentials" time="11.308"/>
  <testcase classname="com.app.TesrNGScripts.TestAnnotation" name="logoutFromapplication" time="10.761"/>
  <testcase classname="com.app.TesrNGScripts.BeforeAfterMethodAnnotation" name="LoginWiethValidCredentials" time="1.137"/>
  <testcase classname="com.app.TesrNGScripts.BeforeAfterMethodAnnotation" name="logoutFromApplication" time="1.726"/>
</testsuite> <!-- TestCycle2 -->
