<?xml version="1.0" encoding="UTF-8"?>
<!-- Generated by org.testng.reporters.JUnitXMLReporter -->
<testsuite ignored="0" hostname="Anshul-Laptop" failures="0" tests="5" name="TestCycle1" time="88.351" errors="0" timestamp="2023-11-14T13:58:05 IST">
  <testcase classname="com.app.TesrNGScripts.TestAnnotation" name="Login" time="23.308"/>
  <testcase classname="com.app.TesrNGScripts.TestAnnotation" name="LoginWithValidCredentials" time="16.208"/>
  <testcase classname="com.app.TesrNGScripts.TestAnnotation" name="logoutFromapplication" time="23.685"/>
  <testcase classname="com.app.TesrNGScripts.BeforeAfterMethodAnnotation" name="LoginWiethValidCredentials" time="1.773"/>
  <testcase classname="com.app.TesrNGScripts.BeforeAfterMethodAnnotation" name="logoutFromApplication" time="1.492"/>
</testsuite> <!-- TestCycle1 -->
