<?xml version="1.0" encoding="UTF-8"?>
<!-- Generated by org.testng.reporters.JUnitXMLReporter -->
<testsuite ignored="0" hostname="Anshul-Laptop" failures="0" tests="5" name="TestCycle3" time="47.822" errors="0" timestamp="2023-11-14T13:59:50 IST">
  <testcase classname="com.app.TesrNGScripts.TestAnnotation" name="Login" time="9.673"/>
  <testcase classname="com.app.TesrNGScripts.TestAnnotation" name="LoginWithValidCredentials" time="9.933"/>
  <testcase classname="com.app.TesrNGScripts.TestAnnotation" name="logoutFromapplication" time="8.745"/>
  <testcase classname="com.app.TesrNGScripts.BeforeAfterMethodAnnotation" name="LoginWiethValidCredentials" time="1.514"/>
  <testcase classname="com.app.TesrNGScripts.BeforeAfterMethodAnnotation" name="logoutFromApplication" time="1.501"/>
</testsuite> <!-- TestCycle3 -->
