<?xml version="1.0" encoding="UTF-8"?>
<!-- Generated by org.testng.reporters.JUnitXMLReporter -->
<testsuite ignored="1" hostname="Anshul-Laptop" failures="1" tests="1" name="TestWiki" time="28.627" errors="0" timestamp="2023-11-14T13:50:45 IST">
  <testcase classname="com.app.TestNG.extentreports.TestClass" name="method1" time="2.395">
    <failure type="java.lang.AssertionError" message="The title of the page is not valid expected [Create account - Wekipedia] but found [Create account - Wikipedia]">
      <![CDATA[java.lang.AssertionError: The title of the page is not valid expected [Create account - Wekipedia] but found [Create account - Wikipedia]
at com.app.TestNG.extentreports.TestClass.method1(TestClass.java:19)
at java.base/java.util.ArrayList.forEach(ArrayList.java:1511)
... Removed 32 stack frames]]>
    </failure>
  </testcase> <!-- method1 -->
  <testcase classname="com.app.TestNG.extentreports.TestClass" name="method2" time="0.0">
    <ignored/>
  </testcase> <!-- method2 -->
</testsuite> <!-- TestWiki -->
