<?xml version="1.0" encoding="UTF-8"?>
<!-- Generated by org.testng.reporters.JUnitXMLReporter -->
<testsuite ignored="1" hostname="Anshul-Laptop" failures="0" tests="1" name="Testfacebook" time="15.356" errors="0" timestamp="2023-11-14T13:51:01 IST">
  <testcase classname="com.app.TestNG.extentreports.TestClass" name="method2" time="9.901"/>
  <testcase classname="com.app.TestNG.extentreports.TestClass" name="method1" time="0.0">
    <ignored/>
  </testcase> <!-- method1 -->
</testsuite> <!-- Testfacebook -->
