<?xml version="1.0" encoding="UTF-8"?>
<!-- Generated by org.testng.reporters.JUnitXMLReporter -->
<testsuite ignored="2" hostname="Anshul-Laptop" failures="0" tests="1" name="Test facebookpage" time="10.247" errors="0" timestamp="2023-11-15T09:27:55 IST">
  <testcase classname="com.app.TestNG.extentreports.TestClass" name="method2" time="7.858"/>
  <testcase classname="com.app.TestNG.extentreports.TestClass" name="method3" time="0.0">
    <ignored/>
  </testcase> <!-- method3 -->
  <testcase classname="com.app.TestNG.extentreports.TestClass" name="method1" time="0.0">
    <ignored/>
  </testcase> <!-- method1 -->
</testsuite> <!-- Test facebookpage -->
