<?xml version="1.0" encoding="UTF-8"?>
<!-- Generated by org.testng.reporters.JUnitXMLReporter -->
<testsuite ignored="2" hostname="Anshul-Laptop" failures="0" tests="1" name="Test rediffPage" time="10.122" errors="0" timestamp="2023-11-15T09:28:05 IST">
  <testcase classname="com.app.TestNG.extentreports.TestClass" name="method3" time="7.6"/>
  <testcase classname="com.app.TestNG.extentreports.TestClass" name="method2" time="0.0">
    <ignored/>
  </testcase> <!-- method2 -->
  <testcase classname="com.app.TestNG.extentreports.TestClass" name="method1" time="0.0">
    <ignored/>
  </testcase> <!-- method1 -->
</testsuite> <!-- Test rediffPage -->
