<?xml version="1.0" encoding="UTF-8"?>
<!-- Generated by org.testng.reporters.JUnitXMLReporter -->
<testsuite ignored="2" hostname="Anshul-Laptop" failures="0" tests="6" name="AllTestingwithExcludeSmokeTestCases" time="0.027" errors="0" timestamp="2023-11-14T11:18:54 IST">
  <testcase classname="testScenario1.Sample1" name="loginSample1" time="0.001"/>
  <testcase classname="testScenario1.Sample1" name="loginWithInvaliddata" time="0.001"/>
  <testcase classname="testScenario1.Sample1" name="loginWithWrongPassword" time="0.001"/>
  <testcase classname="testScenario1.Sample2" name="login" time="0.002"/>
  <testcase classname="testScenario1.Sample2" name="Accounts" time="0.001"/>
  <testcase classname="testScenario1.Sample2" name="Logouts" time="0.002"/>
  <testcase classname="testScenario1.Sample1" name="openapp" time="0.0">
    <ignored/>
  </testcase> <!-- openapp -->
  <testcase classname="testScenario1.Sample2" name="opentheAccountpage" time="0.0">
    <ignored/>
  </testcase> <!-- opentheAccountpage -->
</testsuite> <!-- AllTestingwithExcludeSmokeTestCases -->
