<?xml version="1.0" encoding="UTF-8"?>
<!-- Generated by org.testng.reporters.JUnitXMLReporter -->
<testsuite ignored="6" hostname="Anshul-Laptop" failures="0" tests="2" name="smokeTesting" time="0.084" errors="0" timestamp="2023-11-14T11:18:54 IST">
  <testcase classname="testScenario1.Sample1" name="openapp" time="0.024"/>
  <testcase classname="testScenario1.Sample2" name="opentheAccountpage" time="0.001"/>
  <testcase classname="testScenario1.Sample1" name="loginWithInvaliddata" time="0.0">
    <ignored/>
  </testcase> <!-- loginWithInvaliddata -->
  <testcase classname="testScenario1.Sample2" name="Logouts" time="0.0">
    <ignored/>
  </testcase> <!-- Logouts -->
  <testcase classname="testScenario1.Sample1" name="loginSample1" time="0.0">
    <ignored/>
  </testcase> <!-- loginSample1 -->
  <testcase classname="testScenario1.Sample2" name="login" time="0.0">
    <ignored/>
  </testcase> <!-- login -->
  <testcase classname="testScenario1.Sample2" name="Accounts" time="0.0">
    <ignored/>
  </testcase> <!-- Accounts -->
  <testcase classname="testScenario1.Sample1" name="loginWithWrongPassword" time="0.0">
    <ignored/>
  </testcase> <!-- loginWithWrongPassword -->
</testsuite> <!-- smokeTesting -->
