<?xml version="1.0" encoding="UTF-8"?>
<testng-results ignored="0" total="4" passed="4" failed="0" skipped="0">
  <reporter-output>
  </reporter-output>
  <suite started-at="2023-11-17T14:30:48 IST" name="Default suite" finished-at="2023-11-17T14:31:56 IST" duration-ms="68016">
    <groups>
    </groups>
    <test started-at="2023-11-17T14:30:48 IST" name="Default test" finished-at="2023-11-17T14:31:56 IST" duration-ms="68016">
      <class name="com.ninjademo.qa.TestPages.TestRegisterPage">
        <test-method is-config="true" signature="InitalizeExtentReport()[pri:0, instance:com.ninjademo.qa.TestPages.TestRegisterPage@6e9a5ed8]" started-at="2023-11-17T14:30:48 IST" name="InitalizeExtentReport" finished-at="2023-11-17T14:30:48 IST" duration-ms="384" status="PASS">
          <reporter-output>
          </reporter-output>
        </test-method> <!-- InitalizeExtentReport -->
        <test-method is-config="true" signature="getnameMethod(org.testng.ITestContext)[pri:0, instance:com.ninjademo.qa.TestPages.TestRegisterPage@6e9a5ed8]" started-at="2023-11-17T14:30:48 IST" name="getnameMethod" finished-at="2023-11-17T14:30:48 IST" duration-ms="14" status="PASS">
          <params>
            <param index="0">
              <value>
                <![CDATA[org.testng.TestRunner@11c7a0b4]]>
              </value>
            </param>
          </params>
          <reporter-output>
          </reporter-output>
        </test-method> <!-- getnameMethod -->
        <test-method is-config="true" signature="openApplication()[pri:0, instance:com.ninjademo.qa.TestPages.TestRegisterPage@6e9a5ed8]" started-at="2023-11-17T14:30:49 IST" name="openApplication" finished-at="2023-11-17T14:30:59 IST" duration-ms="10160" status="PASS">
          <reporter-output>
          </reporter-output>
        </test-method> <!-- openApplication -->
        <test-method signature="RegisterUser(java.lang.String,java.lang.String,java.lang.String,java.lang.String,java.lang.String,java.lang.String)[pri:49, instance:com.ninjademo.qa.TestPages.TestRegisterPage@6e9a5ed8]" started-at="2023-11-17T14:30:59 IST" name="RegisterUser" data-provider="testdata" finished-at="2023-11-17T14:31:05 IST" duration-ms="5458" status="PASS">
          <params>
            <param index="0">
              <value>
                <![CDATA[John]]>
              </value>
            </param>
            <param index="1">
              <value>
                <![CDATA[Donald]]>
              </value>
            </param>
            <param index="2">
              <value>
                <![CDATA[john.d1@demogmail.com]]>
              </value>
            </param>
            <param index="3">
              <value>
                <![CDATA[2.233445566E9]]>
              </value>
            </param>
            <param index="4">
              <value>
                <![CDATA[12345.0]]>
              </value>
            </param>
            <param index="5">
              <value>
                <![CDATA[12345.0]]>
              </value>
            </param>
          </params>
          <reporter-output>
          </reporter-output>
        </test-method> <!-- RegisterUser -->
        <test-method is-config="true" signature="generateTestStatus(java.lang.reflect.Method,org.testng.ITestResult)[pri:0, instance:com.ninjademo.qa.TestPages.TestRegisterPage@6e9a5ed8]" started-at="2023-11-17T14:31:05 IST" name="generateTestStatus" finished-at="2023-11-17T14:31:05 IST" duration-ms="14" status="PASS">
          <params>
            <param index="0">
              <value>
                <![CDATA[public void com.ninjademo.qa.TestPages.TestRegisterPage.RegisterUser(java.lang.String,java.lang.String,java.lang.String,java.lang.String,java.lang.String,java.lang.String)]]>
              </value>
            </param>
            <param index="1">
              <value>
                <![CDATA[[TestResult name=RegisterUser status=SUCCESS method=TestRegisterPage.RegisterUser(java.lang.String,java.lang.String,java.lang.String,java.lang.String,java.lang.String,java.lang.String)[pri:49, instance:com.ninjademo.qa.TestPages.TestRegisterPage@6e9a5ed8] output={null}]]]>
              </value>
            </param>
          </params>
          <reporter-output>
          </reporter-output>
        </test-method> <!-- generateTestStatus -->
        <test-method is-config="true" signature="openApplication()[pri:0, instance:com.ninjademo.qa.TestPages.TestRegisterPage@6e9a5ed8]" started-at="2023-11-17T14:31:05 IST" name="openApplication" finished-at="2023-11-17T14:31:16 IST" duration-ms="11639" status="PASS">
          <reporter-output>
          </reporter-output>
        </test-method> <!-- openApplication -->
        <test-method signature="RegisterUser(java.lang.String,java.lang.String,java.lang.String,java.lang.String,java.lang.String,java.lang.String)[pri:49, instance:com.ninjademo.qa.TestPages.TestRegisterPage@6e9a5ed8]" started-at="2023-11-17T14:31:16 IST" name="RegisterUser" data-provider="testdata" finished-at="2023-11-17T14:31:20 IST" duration-ms="3147" status="PASS">
          <params>
            <param index="0">
              <value>
                <![CDATA[Ravi]]>
              </value>
            </param>
            <param index="1">
              <value>
                <![CDATA[Sharma]]>
              </value>
            </param>
            <param index="2">
              <value>
                <![CDATA[ravi.s1@demogmail.com]]>
              </value>
            </param>
            <param index="3">
              <value>
                <![CDATA[2.233445577E9]]>
              </value>
            </param>
            <param index="4">
              <value>
                <![CDATA[123456.0]]>
              </value>
            </param>
            <param index="5">
              <value>
                <![CDATA[123456.0]]>
              </value>
            </param>
          </params>
          <reporter-output>
          </reporter-output>
        </test-method> <!-- RegisterUser -->
        <test-method is-config="true" signature="generateTestStatus(java.lang.reflect.Method,org.testng.ITestResult)[pri:0, instance:com.ninjademo.qa.TestPages.TestRegisterPage@6e9a5ed8]" started-at="2023-11-17T14:31:20 IST" name="generateTestStatus" finished-at="2023-11-17T14:31:20 IST" duration-ms="0" status="PASS">
          <params>
            <param index="0">
              <value>
                <![CDATA[public void com.ninjademo.qa.TestPages.TestRegisterPage.RegisterUser(java.lang.String,java.lang.String,java.lang.String,java.lang.String,java.lang.String,java.lang.String)]]>
              </value>
            </param>
            <param index="1">
              <value>
                <![CDATA[[TestResult name=RegisterUser status=SUCCESS method=TestRegisterPage.RegisterUser(java.lang.String,java.lang.String,java.lang.String,java.lang.String,java.lang.String,java.lang.String)[pri:49, instance:com.ninjademo.qa.TestPages.TestRegisterPage@6e9a5ed8] output={null}]]]>
              </value>
            </param>
          </params>
          <reporter-output>
          </reporter-output>
        </test-method> <!-- generateTestStatus -->
        <test-method is-config="true" signature="openApplication()[pri:0, instance:com.ninjademo.qa.TestPages.TestRegisterPage@6e9a5ed8]" started-at="2023-11-17T14:31:20 IST" name="openApplication" finished-at="2023-11-17T14:31:33 IST" duration-ms="13196" status="PASS">
          <reporter-output>
          </reporter-output>
        </test-method> <!-- openApplication -->
        <test-method signature="RegisterUser(java.lang.String,java.lang.String,java.lang.String,java.lang.String,java.lang.String,java.lang.String)[pri:49, instance:com.ninjademo.qa.TestPages.TestRegisterPage@6e9a5ed8]" started-at="2023-11-17T14:31:33 IST" name="RegisterUser" data-provider="testdata" finished-at="2023-11-17T14:31:36 IST" duration-ms="2723" status="PASS">
          <params>
            <param index="0">
              <value>
                <![CDATA[John]]>
              </value>
            </param>
            <param index="1">
              <value>
                <![CDATA[Donald]]>
              </value>
            </param>
            <param index="2">
              <value>
                <![CDATA[john.d1@demogmail.com]]>
              </value>
            </param>
            <param index="3">
              <value>
                <![CDATA[2.233445588E9]]>
              </value>
            </param>
            <param index="4">
              <value>
                <![CDATA[234567.0]]>
              </value>
            </param>
            <param index="5">
              <value>
                <![CDATA[234567.0]]>
              </value>
            </param>
          </params>
          <reporter-output>
          </reporter-output>
        </test-method> <!-- RegisterUser -->
        <test-method is-config="true" signature="generateTestStatus(java.lang.reflect.Method,org.testng.ITestResult)[pri:0, instance:com.ninjademo.qa.TestPages.TestRegisterPage@6e9a5ed8]" started-at="2023-11-17T14:31:36 IST" name="generateTestStatus" finished-at="2023-11-17T14:31:36 IST" duration-ms="2" status="PASS">
          <params>
            <param index="0">
              <value>
                <![CDATA[public void com.ninjademo.qa.TestPages.TestRegisterPage.RegisterUser(java.lang.String,java.lang.String,java.lang.String,java.lang.String,java.lang.String,java.lang.String)]]>
              </value>
            </param>
            <param index="1">
              <value>
                <![CDATA[[TestResult name=RegisterUser status=SUCCESS method=TestRegisterPage.RegisterUser(java.lang.String,java.lang.String,java.lang.String,java.lang.String,java.lang.String,java.lang.String)[pri:49, instance:com.ninjademo.qa.TestPages.TestRegisterPage@6e9a5ed8] output={null}]]]>
              </value>
            </param>
          </params>
          <reporter-output>
          </reporter-output>
        </test-method> <!-- generateTestStatus -->
        <test-method is-config="true" signature="openApplication()[pri:0, instance:com.ninjademo.qa.TestPages.TestRegisterPage@6e9a5ed8]" started-at="2023-11-17T14:31:36 IST" name="openApplication" finished-at="2023-11-17T14:31:51 IST" duration-ms="15223" status="PASS">
          <reporter-output>
          </reporter-output>
        </test-method> <!-- openApplication -->
        <test-method signature="RegisterUser(java.lang.String,java.lang.String,java.lang.String,java.lang.String,java.lang.String,java.lang.String)[pri:49, instance:com.ninjademo.qa.TestPages.TestRegisterPage@6e9a5ed8]" started-at="2023-11-17T14:31:51 IST" name="RegisterUser" data-provider="testdata" finished-at="2023-11-17T14:31:56 IST" duration-ms="5560" status="PASS">
          <params>
            <param index="0">
              <value>
                <![CDATA[Ravi]]>
              </value>
            </param>
            <param index="1">
              <value>
                <![CDATA[Sharma]]>
              </value>
            </param>
            <param index="2">
              <value>
                <![CDATA[ravi.s1@demogmail.com]]>
              </value>
            </param>
            <param index="3">
              <value>
                <![CDATA[2.233445599E9]]>
              </value>
            </param>
            <param index="4">
              <value>
                <![CDATA[345678.0]]>
              </value>
            </param>
            <param index="5">
              <value>
                <![CDATA[345678.0]]>
              </value>
            </param>
          </params>
          <reporter-output>
          </reporter-output>
        </test-method> <!-- RegisterUser -->
        <test-method is-config="true" signature="generateTestStatus(java.lang.reflect.Method,org.testng.ITestResult)[pri:0, instance:com.ninjademo.qa.TestPages.TestRegisterPage@6e9a5ed8]" started-at="2023-11-17T14:31:56 IST" name="generateTestStatus" finished-at="2023-11-17T14:31:56 IST" duration-ms="0" status="PASS">
          <params>
            <param index="0">
              <value>
                <![CDATA[public void com.ninjademo.qa.TestPages.TestRegisterPage.RegisterUser(java.lang.String,java.lang.String,java.lang.String,java.lang.String,java.lang.String,java.lang.String)]]>
              </value>
            </param>
            <param index="1">
              <value>
                <![CDATA[[TestResult name=RegisterUser status=SUCCESS method=TestRegisterPage.RegisterUser(java.lang.String,java.lang.String,java.lang.String,java.lang.String,java.lang.String,java.lang.String)[pri:49, instance:com.ninjademo.qa.TestPages.TestRegisterPage@6e9a5ed8] output={null}]]]>
              </value>
            </param>
          </params>
          <reporter-output>
          </reporter-output>
        </test-method> <!-- generateTestStatus -->
        <test-method is-config="true" signature="generateReports()[pri:0, instance:com.ninjademo.qa.TestPages.TestRegisterPage@6e9a5ed8]" started-at="2023-11-17T14:31:57 IST" name="generateReports" finished-at="2023-11-17T14:32:03 IST" duration-ms="6136" status="PASS">
          <reporter-output>
          </reporter-output>
        </test-method> <!-- generateReports -->
      </class> <!-- com.ninjademo.qa.TestPages.TestRegisterPage -->
    </test> <!-- Default test -->
  </suite> <!-- Default suite -->
</testng-results>
